#
# A fatal error has been detected by the Java Runtime Environment:
#
#  Internal Error (javaClasses.cpp:127), pid=4432, tid=5596
#  fatal error: Invalid layout of preloaded class
#
# JRE version:  (8.0_45-b14) (build )
# Java VM: Java HotSpot(TM) Client VM (25.45-b02 mixed mode windows-x86 )
# Failed to write core dump. Minidumps are not enabled by default on client versions of Windows
#
# If you would like to submit a bug report, please visit:
#   http://bugreport.java.com/bugreport/crash.jsp
#

---------------  T H R E A D  ---------------

Current thread (0x0117c000):  JavaThread "Unknown thread" [_thread_in_vm, id=5596, stack(0x011f0000,0x01240000)]

Stack: [0x011f0000,0x01240000],  sp=0x0123fa10,  free space=318k
Native frames: (J=compiled Java code, j=interpreted, Vv=VM code, C=native code)
V  [jvm.dll+0x1a4f8b]
V  [jvm.dll+0x19d846]
V  [jvm.dll+0x42269]
V  [jvm.dll+0x4241e]
V  [jvm.dll+0x5193e]
V  [jvm.dll+0xa86ae]
V  [jvm.dll+0xa8972]
V  [jvm.dll+0x154631]
V  [jvm.dll+0x17869b]
V  [jvm.dll+0xe51a1]
C  [javaw.exe+0x14d3]
C  [javaw.exe+0x2047]
C  [javaw.exe+0xadff]
C  [javaw.exe+0xae89]
C  [kernel32.dll+0x4ef1c]
C  [ntdll.dll+0x63648]
C  [ntdll.dll+0x6361b]
C  0x00000000


---------------  P R O C E S S  ---------------

Java Threads: ( => current thread )

Other Threads:

=>0x0117c000 (exited) JavaThread "Unknown thread" [_thread_in_vm, id=5596, stack(0x011f0000,0x01240000)]

VM state:not at safepoint (not fully initialized)

VM Mutex/Monitor currently owned by a thread: None

GC Heap History (0 events):
No events

Deoptimization events (0 events):
No events

Internal exceptions (0 events):
No events

Events (10 events):
Event: 1.919 loading class java/lang/CharSequence done
Event: 1.920 loading class java/lang/String done
Event: 1.920 loading class java/lang/Class
Event: 1.920 loading class java/lang/reflect/AnnotatedElement
Event: 1.921 loading class java/lang/reflect/AnnotatedElement done
Event: 1.921 loading class java/lang/reflect/GenericDeclaration
Event: 1.947 loading class java/lang/reflect/GenericDeclaration done
Event: 1.947 loading class java/lang/reflect/Type
Event: 1.957 loading class java/lang/reflect/Type done
Event: 1.957 loading class java/lang/Class done


Dynamic libraries:
0x01280000 - 0x012b3000 	C:\Program Files\Java\jre1.8.0_45\bin\javaw.exe
0x773c0000 - 0x77502000 	C:\Windows\SYSTEM32\ntdll.dll
0x756b0000 - 0x75785000 	C:\Windows\system32\kernel32.dll
0x75540000 - 0x7558b000 	C:\Windows\system32\KERNELBASE.dll
0x75a40000 - 0x75ae1000 	C:\Windows\system32\ADVAPI32.dll
0x76f80000 - 0x7702c000 	C:\Windows\system32\msvcrt.dll
0x76bc0000 - 0x76bd9000 	C:\Windows\SYSTEM32\sechost.dll
0x75d50000 - 0x75df2000 	C:\Windows\system32\RPCRT4.dll
0x76be0000 - 0x76ca9000 	C:\Windows\system32\USER32.dll
0x775c0000 - 0x7760e000 	C:\Windows\system32\GDI32.dll
0x76bb0000 - 0x76bba000 	C:\Windows\system32\LPK.dll
0x76e00000 - 0x76e9d000 	C:\Windows\system32\USP10.dll
0x74290000 - 0x7442e000 	C:\Windows\WinSxS\x86_microsoft.windows.common-controls_6595b64144ccf1df_6.0.7601.18837_none_41e855142bd5705d\COMCTL32.dll
0x76da0000 - 0x76df7000 	C:\Windows\system32\SHLWAPI.dll
0x76d80000 - 0x76d9f000 	C:\Windows\system32\IMM32.DLL
0x76cb0000 - 0x76d7c000 	C:\Windows\system32\MSCTF.dll
0x61240000 - 0x612ff000 	C:\Program Files\Java\jre1.8.0_45\bin\msvcr100.dll
0x6b260000 - 0x6b620000 	C:\Program Files\Java\jre1.8.0_45\bin\client\jvm.dll
0x73990000 - 0x73997000 	C:\Windows\system32\WSOCK32.dll
0x75d10000 - 0x75d45000 	C:\Windows\system32\WS2_32.dll
0x77520000 - 0x77526000 	C:\Windows\system32\NSI.dll
0x73740000 - 0x73772000 	C:\Windows\system32\WINMM.dll
0x74830000 - 0x74839000 	C:\Windows\system32\VERSION.dll
0x77510000 - 0x77515000 	C:\Windows\system32\PSAPI.DLL
0x737d0000 - 0x737dc000 	C:\Program Files\Java\jre1.8.0_45\bin\verify.dll
0x73280000 - 0x732a1000 	C:\Program Files\Java\jre1.8.0_45\bin\java.dll
0x73260000 - 0x73273000 	C:\Program Files\Java\jre1.8.0_45\bin\zip.dll
0x60fc0000 - 0x610ab000 	C:\Windows\system32\dbghelp.dll

VM Arguments:
jvm_args: -Dfile.encoding=UTF-8 -Xbootclasspath:C:\Users\sense019\Downloads\adt-bundle-windows-x86-20130729\adt-bundle-windows-x86-20130729\sdk\platforms\android-18\android.jar 
java_command: com.example.myfirstandroid.SyncServer
java_class_path (initial): D:\code\MyFirstAndroid\libs\microlog4android-1.1.jar;D:\code\MyFirstAndroid\libs\android-support-v4.jar;D:\code\MyFirstAndroid\bin\classes;C:\Users\sense019\Downloads\adt-bundle-windows-x86-20130729\adt-bundle-windows-x86-20130729\sdk\extras\android\support\v4\android-support-v4.jar
Launcher Type: SUN_STANDARD

Environment Variables:
JAVA_HOME=C:\Program Files\Java\jdk1.8.0_40
CLASSPATH=D:\Microsoft JDBC Driver 4.1 for SQL Server\sqljdbc_4.1\jpn\sqljdbc41.jar;.;C:\Program Files\Java\jdk1.8.0_40\lib\dt.jar;C:\Program Files\Java\jdk1.8.0_40\lib\tools.jar;
PATH=C:/Program Files/Java/jre1.8.0_45/bin/client;C:/Program Files/Java/jre1.8.0_45/bin;C:/Program Files/Java/jre1.8.0_45/lib/i386;C:\ProgramData\Oracle\Java\javapath;C:\Program Files\Java\jdk1.8.0_40\bin;C:\Windows\system32;C:\Windows;C:\Windows\System32\Wbem;C:\Windows\System32\WindowsPowerShell\v1.0\;C:\Program Files\Microsoft SQL Server\80\Tools\Binn\;C:\Program Files\Microsoft SQL Server\100\Tools\Binn\;C:\Program Files\Microsoft SQL Server\100\DTS\Binn\;C:\Program Files\Microsoft SQL Server\100\Tools\Binn\VSShell\Common7\IDE\;C:\Program Files\Microsoft Visual Studio 9.0\Common7\IDE\PrivateAssemblies\;C:\Program Files\nodejs\;C:\Program Files\TortoiseSVN\bin;C:\Users\sense019\AppData\Roaming\npm;C:\Users\sense019\Downloads\adt-bundle-windows-x86-20130729\adt-bundle-windows-x86-20130729\eclipse;
USERNAME=sense019
OS=Windows_NT
PROCESSOR_IDENTIFIER=x86 Family 6 Model 23 Stepping 6, GenuineIntel



---------------  S Y S T E M  ---------------

OS: Windows 7 Build 7601 (6.1.7601.23392)

CPU:total 2 (2 cores per cpu, 1 threads per core) family 6 model 23 stepping 6, cmov, cx8, fxsr, mmx, sse, sse2, sse3, ssse3, sse4.1, tsc

Memory: 4k page, physical 1537336k(171724k free), swap 3165532k(364660k free)

vm_info: Java HotSpot(TM) Client VM (25.45-b02) for windows-x86 JRE (1.8.0_45-b14), built on Apr 10 2015 10:46:40 by "java_re" with MS VC++ 10.0 (VS2010)

time: Tue Aug 23 10:35:52 2016
elapsed time: 2 seconds (0d 0h 0m 2s)

